<?xml version="1.0" encoding="UTF-8"?>
<!-- Generated by org.testng.reporters.JUnitReportReporter -->
<testsuite hostname="DIYA" failures="0" tests="1" name="MavenTestNG.MavenTestNG.TestNG_TC_01" time="0.039" errors="0" timestamp="2022-07-26T15:23:20 IST" skipped="0">
  <testcase classname="MavenTestNG.MavenTestNG.TestNG_TC_01" name="setup" time="0.039"/>
  <system-out/>
</testsuite> <!-- MavenTestNG.MavenTestNG.TestNG_TC_01 -->
