<?xml version="1.0" encoding="UTF-8"?>
<!-- Generated by org.testng.reporters.JUnitReportReporter -->
<testsuite hostname="DIYA" failures="0" tests="3" name="AllureTest.AllureTest_TC01" time="0.765" errors="0" timestamp="2022-07-26T19:18:21 IST" skipped="1">
  <testcase classname="AllureTest.AllureTest_TC01" name="logoPresence" time="0.495"/>
  <system-out/>
  <testcase classname="AllureTest.AllureTest_TC01" name="loginTest" time="0.262"/>
  <system-out/>
  <testcase classname="AllureTest.AllureTest_TC01" name="registrationTest" time="0.008">
    <skipped/>
  </testcase> <!-- registrationTest -->
  <system-out/>
</testsuite> <!-- AllureTest.AllureTest_TC01 -->
