<?xml version="1.0" encoding="UTF-8"?>
<!-- Generated by org.testng.reporters.JUnitReportReporter -->
<testsuite hostname="DIYA" failures="0" tests="1" name="MavenTestNG.MavenTestNG.AppTest" time="0.045" errors="0" timestamp="2022-07-26T15:32:39 IST" skipped="0">
  <testcase classname="MavenTestNG.MavenTestNG.AppTest" name="shouldAnswerWithTrue" time="0.045"/>
  <system-out/>
</testsuite> <!-- MavenTestNG.MavenTestNG.AppTest -->
